[2025-12-11 09:11:33] [INFO] Conectado exitosamente al FTP
[2025-12-11 09:11:33] [INFO] Hola
[2025-12-11 09:11:33] [INFO] Nombre del archivo a buscar: RCONL_090_251211.txt
[2025-12-11 09:11:34] [INFO] ultimos 10 archivos:
[2025-12-11 09:11:34] [INFO] Dec 03 01:00 -> RCONL_090_251203.txt
[2025-12-11 09:11:34] [INFO] Dec 04 01:00 -> RCONL_090_251204.txt
[2025-12-11 09:11:34] [INFO] Dec 05 01:00 -> RCONL_090_251205.txt
[2025-12-11 09:11:34] [INFO] Dec 06 01:00 -> RCONL_090_251206.txt
[2025-12-11 09:11:34] [INFO] Dec 07 01:00 -> RCONL_090_251207.txt
[2025-12-11 09:11:34] [INFO] Dec 08 01:00 -> RCONL_090_251208.txt
[2025-12-11 09:11:34] [INFO] Dec 09 01:00 -> RCONL_090_251209.txt
[2025-12-11 09:11:34] [INFO] Dec 10 01:00 -> RCONL_090_251210.txt
[2025-12-11 09:11:34] [INFO] Dec 11 01:00 -> RCONL_090_251211.txt
[2025-12-11 09:11:34] [INFO] Archivo encontrado: RCONL_090_251211.txt
[2025-12-11 09:11:34] [INFO] Archivo RCONL_090_251211.txt descargado correctamente.
[2025-12-11 09:11:34] [INFO] Archivo descargado exitosamente.
[2025-12-11 09:11:34] [INFO] /home/ubuntu/python/automatizaciones_sem/resources/punto_red/archivos/RCONL_090_251211.txt
[2025-12-11 09:11:34] [INFO] http://10.1.1.11/consuertepruebas/upload.php
[2025-12-11 09:11:34] [INFO] en la funcion request_conciliacion
[2025-12-11 09:11:36] [INFO] RESPUESTA DE LA PETICION: <Response [200]>
[2025-12-11 09:11:36] [INFO] STATUS_CODE: 200
[2025-12-11 09:11:36] [INFO] El Archivo Que Intenta Subir ya se Encuentra Registrado Por Favor Verifiquelo
